[time=0] Worker 2 starts Job 1 seller=D runtime=3 priority=3
[time=1] Worker 1 starts Job 2 seller=E runtime=4 priority=2
[time=2] Worker 3 starts Job 3 seller=D runtime=5 priority=3
[time=5] Worker 0 starts Job 5 seller=A runtime=6 priority=1
[time=5] Worker 2 finishes Job 1 seller=D runtime=3 priority=3
[time=5] Worker 2 starts Job 4 seller=E runtime=6 priority=2
[time=5] Worker 1 finishes Job 2 seller=E runtime=4 priority=2
[time=5] Worker 1 starts Job 6 seller=D runtime=4 priority=2
[time=11] Worker 0 finishes Job 5 seller=A runtime=6 priority=1
[time=11] Worker 0 starts Job 8 seller=E runtime=5 priority=1
[time=12] Worker 3 finishes Job 3 seller=D runtime=5 priority=3
[time=12] Worker 3 starts Job 7 seller=B runtime=6 priority=2
[time=16] Worker 0 finishes Job 8 seller=E runtime=5 priority=1
[time=16] Worker 0 starts Job 11 seller=A runtime=3 priority=1
[time=19] Worker 0 finishes Job 11 seller=A runtime=3 priority=1
[time=19] Worker 0 starts Job 12 seller=E runtime=3 priority=1
[time=20] Worker 1 finishes Job 6 seller=D runtime=4 priority=2
[time=20] Worker 1 starts Job 13 seller=C runtime=4 priority=1
[time=20] Worker 3 finishes Job 7 seller=B runtime=6 priority=2
[time=20] Worker 3 starts Job 15 seller=E runtime=5 priority=1
[time=20] Worker 2 finishes Job 4 seller=E runtime=6 priority=2
[time=20] Worker 2 starts Job 18 seller=E runtime=6 priority=1
[time=22] Worker 0 finishes Job 12 seller=E runtime=3 priority=1
[time=22] Worker 0 starts Job 14 seller=C runtime=4 priority=2
[time=25] Worker 1 finishes Job 13 seller=C runtime=4 priority=1
[time=25] Worker 1 starts Job 17 seller=D runtime=4 priority=2
[time=25] Worker 3 finishes Job 15 seller=E runtime=5 priority=1
[time=25] Worker 3 starts Job 19 seller=D runtime=6 priority=2
[time=26] Worker 0 finishes Job 14 seller=C runtime=4 priority=2
[time=26] Worker 0 starts Job 9 seller=D runtime=3 priority=3
[time=26] Worker 2 finishes Job 18 seller=E runtime=6 priority=1
[time=26] Worker 2 starts Job 10 seller=C runtime=5 priority=3
[time=29] Worker 0 finishes Job 9 seller=D runtime=3 priority=3
[time=29] Worker 0 starts Job 16 seller=B runtime=3 priority=3
[time=32] Worker 0 finishes Job 16 seller=B runtime=3 priority=3
[time=32] Worker 0 starts Job 20 seller=C runtime=6 priority=3
[time=33] Worker 2 finishes Job 10 seller=C runtime=5 priority=3
[time=33] Worker 1 finishes Job 17 seller=D runtime=4 priority=2
[time=33] Worker 3 finishes Job 19 seller=D runtime=6 priority=2
[time=38] Worker 0 finishes Job 20 seller=C runtime=6 priority=3

Policy: Priority
Workers: 4
Total jobs: 20
Average waiting time: 6.55
Average turnaround time: 13.00
Throughput: 0.526 jobs/unit time
Worker utilization: 59.87%
Starvation-risk jobs: 7

