[time=0] Worker 0 starts Job 1 seller=D runtime=3 priority=3
[time=1] Worker 1 starts Job 2 seller=E runtime=4 priority=2
[time=2] Worker 2 starts Job 3 seller=D runtime=5 priority=3
[time=3] Worker 0 finishes Job 1 seller=D runtime=3 priority=3
[time=3] Worker 3 starts Job 4 seller=E runtime=6 priority=2
[time=4] Worker 0 starts Job 5 seller=A runtime=6 priority=1
[time=5] Worker 1 finishes Job 2 seller=E runtime=4 priority=2
[time=5] Worker 1 starts Job 6 seller=D runtime=4 priority=2
[time=7] Worker 2 finishes Job 3 seller=D runtime=5 priority=3
[time=7] Worker 2 starts Job 7 seller=B runtime=6 priority=2
[time=9] Worker 3 finishes Job 4 seller=E runtime=6 priority=2
[time=9] Worker 3 starts Job 8 seller=E runtime=5 priority=1
[time=9] Worker 1 finishes Job 6 seller=D runtime=4 priority=2
[time=9] Worker 1 starts Job 9 seller=D runtime=3 priority=3
[time=10] Worker 0 finishes Job 5 seller=A runtime=6 priority=1
[time=10] Worker 0 starts Job 10 seller=C runtime=5 priority=3
[time=12] Worker 1 finishes Job 9 seller=D runtime=3 priority=3
[time=12] Worker 1 starts Job 11 seller=A runtime=3 priority=1
[time=13] Worker 2 finishes Job 7 seller=B runtime=6 priority=2
[time=13] Worker 2 starts Job 12 seller=E runtime=3 priority=1
[time=14] Worker 3 finishes Job 8 seller=E runtime=5 priority=1
[time=14] Worker 3 starts Job 13 seller=C runtime=4 priority=1
[time=15] Worker 0 finishes Job 10 seller=C runtime=5 priority=3
[time=15] Worker 0 starts Job 14 seller=C runtime=4 priority=2
[time=15] Worker 1 finishes Job 11 seller=A runtime=3 priority=1
[time=15] Worker 1 starts Job 15 seller=E runtime=5 priority=1
[time=16] Worker 2 finishes Job 12 seller=E runtime=3 priority=1
[time=16] Worker 2 starts Job 16 seller=B runtime=3 priority=3
[time=18] Worker 3 finishes Job 13 seller=C runtime=4 priority=1
[time=18] Worker 3 starts Job 17 seller=D runtime=4 priority=2
[time=19] Worker 0 finishes Job 14 seller=C runtime=4 priority=2
[time=19] Worker 0 starts Job 18 seller=E runtime=6 priority=1
[time=19] Worker 2 finishes Job 16 seller=B runtime=3 priority=3
[time=19] Worker 2 starts Job 19 seller=D runtime=6 priority=2
[time=20] Worker 1 finishes Job 15 seller=E runtime=5 priority=1
[time=20] Worker 1 starts Job 20 seller=C runtime=6 priority=3
[time=22] Worker 3 finishes Job 17 seller=D runtime=4 priority=2
[time=27] Worker 2 finishes Job 19 seller=D runtime=6 priority=2
[time=27] Worker 0 finishes Job 18 seller=E runtime=6 priority=1
[time=27] Worker 1 finishes Job 20 seller=C runtime=6 priority=3

Policy: FIFO
Workers: 4
Total jobs: 20
Average waiting time: 1.05
Average turnaround time: 5.85
Throughput: 0.741 jobs/unit time
Worker utilization: 84.26%
Starvation-risk jobs: 0

