[time=0] Worker 1 starts Job 1 seller=A runtime=25 priority=2
[time=6] Worker 2 starts Job 2 seller=D runtime=1 priority=2
[time=6] Worker 3 starts Job 3 seller=E runtime=2 priority=2
[time=6] Worker 0 starts Job 4 seller=C runtime=1 priority=2
[time=8] Worker 0 finishes Job 4 seller=C runtime=1 priority=2
[time=8] Worker 0 starts Job 5 seller=B runtime=1 priority=2
[time=8] Worker 2 finishes Job 2 seller=D runtime=1 priority=2
[time=8] Worker 2 starts Job 6 seller=E runtime=1 priority=2
[time=8] Worker 3 finishes Job 3 seller=E runtime=2 priority=2
[time=8] Worker 3 starts Job 7 seller=D runtime=2 priority=2
[time=9] Worker 2 finishes Job 6 seller=E runtime=1 priority=2
[time=9] Worker 2 starts Job 8 seller=D runtime=2 priority=2
[time=9] Worker 0 finishes Job 5 seller=B runtime=1 priority=2
[time=9] Worker 0 starts Job 9 seller=E runtime=2 priority=2
[time=10] Worker 3 finishes Job 7 seller=D runtime=2 priority=2
[time=10] Worker 3 starts Job 10 seller=D runtime=2 priority=2
[time=11] Worker 2 finishes Job 8 seller=D runtime=2 priority=2
[time=11] Worker 0 finishes Job 9 seller=E runtime=2 priority=2
[time=11] Worker 2 starts Job 11 seller=B runtime=2 priority=2
[time=13] Worker 3 finishes Job 10 seller=D runtime=2 priority=2
[time=13] Worker 3 starts Job 12 seller=E runtime=2 priority=2
[time=13] Worker 0 starts Job 13 seller=C runtime=1 priority=2
[time=14] Worker 2 finishes Job 11 seller=B runtime=2 priority=2
[time=17] Worker 0 finishes Job 13 seller=C runtime=1 priority=2
[time=17] Worker 0 starts Job 14 seller=A runtime=1 priority=2
[time=17] Worker 2 starts Job 15 seller=D runtime=1 priority=2
[time=17] Worker 3 finishes Job 12 seller=E runtime=2 priority=2
[time=17] Worker 3 starts Job 16 seller=C runtime=1 priority=2
[time=18] Worker 0 finishes Job 14 seller=A runtime=1 priority=2
[time=18] Worker 0 starts Job 17 seller=B runtime=2 priority=2
[time=18] Worker 3 finishes Job 16 seller=C runtime=1 priority=2
[time=18] Worker 3 starts Job 18 seller=D runtime=1 priority=2
[time=18] Worker 2 finishes Job 15 seller=D runtime=1 priority=2
[time=19] Worker 2 starts Job 19 seller=A runtime=2 priority=2
[time=19] Worker 3 finishes Job 18 seller=D runtime=1 priority=2
[time=20] Worker 3 starts Job 20 seller=E runtime=2 priority=2
[time=21] Worker 0 finishes Job 17 seller=B runtime=2 priority=2
[time=21] Worker 2 finishes Job 19 seller=A runtime=2 priority=2
[time=23] Worker 3 finishes Job 20 seller=E runtime=2 priority=2
[time=27] Worker 1 finishes Job 1 seller=A runtime=25 priority=2

Policy: Priority
Workers: 4
Total jobs: 20
Average waiting time: 1.20
Average turnaround time: 4.55
Throughput: 0.741 jobs/unit time
Worker utilization: 50.00%
Starvation-risk jobs: 3

